<?xml version="1.0" encoding="UTF-8"?>
<!-- Generated by org.testng.reporters.JUnitXMLReporter -->
<testsuite hostname="VIKRAM" ignored="0" name="Default test" tests="7" failures="0" timestamp="07 Jun 2019 20:51:03 GMT" time="41.326" errors="0">
  <testcase name="TC_02_loginWithEmptyEmailorPhone" time="2.752" classname="qa.SignIn.LoginPage.versaPay.LoginPageTest"/>
  <testcase name="TC_03_loginWithSpecialCharInEmailorPhone" time="2.937" classname="qa.SignIn.LoginPage.versaPay.LoginPageTest"/>
  <testcase name="TC_04_loginWithEmptyPassword" time="4.694" classname="qa.SignIn.LoginPage.versaPay.LoginPageTest"/>
  <testcase name="TC_05_loginWithWrongPassword" time="5.279" classname="qa.SignIn.LoginPage.versaPay.LoginPageTest"/>
  <testcase name="TC_06_ResetWithRegisteredEmail" time="2.867" classname="qa.SignIn.LoginPage.versaPay.LoginPageTest"/>
  <testcase name="TC_07_ResetWithLastPasswordUsed" time="9.408" classname="qa.SignIn.LoginPage.versaPay.LoginPageTest"/>
  <testcase name="TC_08_loginWithCorrectUserIdAndPassword" time="9.847" classname="qa.SignIn.LoginPage.versaPay.LoginPageTest"/>
</testsuite> <!-- Default test -->
