<?xml version="1.0" encoding="UTF-8"?>
<!-- Generated by org.testng.reporters.JUnitXMLReporter -->
<testsuite hostname="VIKRAM" ignored="0" name="Test" tests="1" failures="0" timestamp="06 Jun 2019 03:20:23 GMT" time="2.503" errors="0">
  <testcase name="@BeforeTest setUpInParent" time="2.038" classname="qa.SignIn.LoginPage.versaPay.BasePageTest">
    <failure type="java.lang.NoSuchMethodError" message="org.apache.commons.io.IOUtils.toString(Ljava/io/InputStream;Ljava/nio/charset/Charset;)Ljava/lang/String;">
      <![CDATA[java.lang.NoSuchMethodError: org.apache.commons.io.IOUtils.toString(Ljava/io/InputStream;Ljava/nio/charset/Charset;)Ljava/lang/String;
at io.github.bonigarcia.wdm.Shell.runAndWaitNoLog(Shell.java:60)
at io.github.bonigarcia.wdm.Shell.runAndWaitArray(Shell.java:50)
at io.github.bonigarcia.wdm.Shell.runAndWait(Shell.java:44)
at io.github.bonigarcia.wdm.WebDriverManager.getDefaultBrowserVersion(WebDriverManager.java:959)
at io.github.bonigarcia.wdm.ChromeDriverManager.getBrowserVersion(ChromeDriverManager.java:68)
at io.github.bonigarcia.wdm.WebDriverManager.getVersionForInstalledBrowser(WebDriverManager.java:477)
at io.github.bonigarcia.wdm.WebDriverManager.manage(WebDriverManager.java:430)
at io.github.bonigarcia.wdm.WebDriverManager.setup(WebDriverManager.java:229)
at qa.SignIn.LoginPage.versaPay.BasePageTest.setUpInParent(BasePageTest.java:26)
... Removed 28 stack frames]]>
    </failure>
  </testcase> <!-- @BeforeTest setUpInParent -->
  <testcase name="@BeforeMethod beforeMethodInLandingPage" time="0.0" classname="qa.SignIn.LoginPage.versaPay.LandingPageTest">
    <skipped/>
  </testcase> <!-- @BeforeMethod beforeMethodInLandingPage -->
  <testcase name="clickOnSignIn" time="0.0" classname="qa.SignIn.LoginPage.versaPay.LandingPageTest">
    <skipped/>
  </testcase> <!-- clickOnSignIn -->
</testsuite> <!-- Test -->
