-------------------------------------------------------------------------------
Test set: TestSuite
-------------------------------------------------------------------------------
Tests run: 3, Failures: 1, Errors: 0, Skipped: 2, Time elapsed: 4.971 s <<< FAILURE! - in TestSuite
setUpInParent(qa.SignIn.LoginPage.versaPay.LandingPageTest)  Time elapsed: 4.166 s  <<< FAILURE!
java.lang.NoSuchMethodError: org.apache.commons.io.IOUtils.toString(Ljava/io/InputStream;Ljava/nio/charset/Charset;)Ljava/lang/String;

